<?xml version="1.0" encoding="UTF-8"?>
<!-- Generated by org.testng.reporters.JUnitReportReporter -->
<testsuite hostname="AI317M8JG3" failures="0" tests="1" name="cucumberOptions.TestNGTestRunner" time="11.189" errors="0" timestamp="2023-04-03T16:58:12 EDT" skipped="0">
  <testcase classname="cucumberOptions.TestNGTestRunner" name="runScenario" time="11.189"/>
  <system-out/>
</testsuite> <!-- cucumberOptions.TestNGTestRunner -->
