<?xml version="1.0" encoding="UTF-8"?>
<!-- Generated by org.testng.reporters.JUnitReportReporter -->
<testsuite hostname="AI317M8JG3" failures="0" tests="1" name="cucumberOptions.TestNGTestRunner" time="13.035" errors="0" timestamp="2023-01-18T12:30:15 EST" skipped="0">
  <testcase classname="cucumberOptions.TestNGTestRunner" name="runScenario" time="13.035"/>
  <system-out/>
</testsuite> <!-- cucumberOptions.TestNGTestRunner -->
