<?xml version="1.0" encoding="UTF-8"?>
<!-- Generated by org.testng.reporters.JUnitReportReporter -->
<testsuite hostname="AI317M8JG3" failures="0" tests="1" name="cucumberOptions.TestNGTestRunner" time="20.657" errors="0" timestamp="2023-01-25T17:06:10 EST" skipped="0">
  <testcase classname="cucumberOptions.TestNGTestRunner" name="runScenario" time="20.657"/>
  <system-out/>
</testsuite> <!-- cucumberOptions.TestNGTestRunner -->
