<?xml version="1.0" encoding="UTF-8"?>
<!-- Generated by org.testng.reporters.JUnitReportReporter -->
<testsuite hostname="AI317M8JG3" failures="0" tests="2" name="cucumberOptions.TestNGTestRunner" time="73.996" errors="0" timestamp="2023-01-09T08:13:41 EST" skipped="0">
  <testcase classname="cucumberOptions.TestNGTestRunner" name="runScenario" time="28.228"/>
  <system-out/>
  <testcase classname="cucumberOptions.TestNGTestRunner" name="runScenario" time="45.768"/>
  <system-out/>
</testsuite> <!-- cucumberOptions.TestNGTestRunner -->
